# JRE version: Java(TM) SE Runtime Environment (8.0_331-b09) (build 1.8.0_331-b09)
# Java VM: Java HotSpot(TM) 64-Bit Server VM (25.331-b09 mixed mode windows-amd64 compressed oops)
Heap:
 PSYoungGen      total 38400K, used 29558K [0x00000000d5d00000, 0x00000000d8780000, 0x0000000100000000)
  eden space 33280K, 75% used [0x00000000d5d00000,0x00000000d7572c30,0x00000000d7d80000)
  from space 5120K, 88% used [0x00000000d8280000,0x00000000d86eac58,0x00000000d8780000)
  to   space 5120K, 0% used [0x00000000d7d80000,0x00000000d7d80000,0x00000000d8280000)
 ParOldGen       total 46080K, used 8353K [0x0000000081600000, 0x0000000084300000, 0x00000000d5d00000)
  object space 46080K, 18% used [0x0000000081600000,0x0000000081e28430,0x0000000084300000)
 Metaspace       used 28477K, capacity 29720K, committed 29824K, reserved 1075200K
  class space    used 3896K, capacity 4204K, committed 4224K, reserved 1048576K
GC Heap History (10 events):
Event: 2.439 GC heap before
{Heap before GC invocations=1 (full 0):
 PSYoungGen      total 38400K, used 33280K [0x00000000d5d00000, 0x00000000d8780000, 0x0000000100000000)
  eden space 33280K, 100% used [0x00000000d5d00000,0x00000000d7d80000,0x00000000d7d80000)
  from space 5120K, 0% used [0x00000000d8280000,0x00000000d8280000,0x00000000d8780000)
  to   space 5120K, 0% used [0x00000000d7d80000,0x00000000d7d80000,0x00000000d8280000)
 ParOldGen       total 87552K, used 0K [0x0000000081600000, 0x0000000086b80000, 0x00000000d5d00000)
  object space 87552K, 0% used [0x0000000081600000,0x0000000081600000,0x0000000086b80000)
 Metaspace       used 11567K, capacity 11978K, committed 12032K, reserved 1060864K
  class space    used 1408K, capacity 1533K, committed 1536K, reserved 1048576K
Event: 2.447 GC heap after
Heap after GC invocations=1 (full 0):
 PSYoungGen      total 38400K, used 5040K [0x00000000d5d00000, 0x00000000d8780000, 0x0000000100000000)
  eden space 33280K, 0% used [0x00000000d5d00000,0x00000000d5d00000,0x00000000d7d80000)
  from space 5120K, 98% used [0x00000000d7d80000,0x00000000d826c070,0x00000000d8280000)
  to   space 5120K, 0% used [0x00000000d8280000,0x00000000d8280000,0x00000000d8780000)
 ParOldGen       total 87552K, used 80K [0x0000000081600000, 0x0000000086b80000, 0x00000000d5d00000)
  object space 87552K, 0% used [0x0000000081600000,0x0000000081614010,0x0000000086b80000)
 Metaspace       used 11567K, capacity 11978K, committed 12032K, reserved 1060864K
  class space    used 1408K, capacity 1533K, committed 1536K, reserved 1048576K
}
Event: 8.693 GC heap before
{Heap before GC invocations=2 (full 0):
 PSYoungGen      total 38400K, used 38320K [0x00000000d5d00000, 0x00000000d8780000, 0x0000000100000000)
  eden space 33280K, 100% used [0x00000000d5d00000,0x00000000d7d80000,0x00000000d7d80000)
  from space 5120K, 98% used [0x00000000d7d80000,0x00000000d826c070,0x00000000d8280000)
  to   space 5120K, 0% used [0x00000000d8280000,0x00000000d8280000,0x00000000d8780000)
 ParOldGen       total 87552K, used 80K [0x0000000081600000, 0x0000000086b80000, 0x00000000d5d00000)
  object space 87552K, 0% used [0x0000000081600000,0x0000000081614010,0x0000000086b80000)
 Metaspace       used 16143K, capacity 16664K, committed 17024K, reserved 1064960K
  class space    used 2159K, capacity 2314K, committed 2432K, reserved 1048576K
Event: 8.703 GC heap after
Heap after GC invocations=2 (full 0):
 PSYoungGen      total 38400K, used 5108K [0x00000000d5d00000, 0x00000000d8780000, 0x0000000100000000)
  eden space 33280K, 0% used [0x00000000d5d00000,0x00000000d5d00000,0x00000000d7d80000)
  from space 5120K, 99% used [0x00000000d8280000,0x00000000d877d2c8,0x00000000d8780000)
  to   space 5120K, 0% used [0x00000000d7d80000,0x00000000d7d80000,0x00000000d8280000)
 ParOldGen       total 87552K, used 2068K [0x0000000081600000, 0x0000000086b80000, 0x00000000d5d00000)
  object space 87552K, 2% used [0x0000000081600000,0x0000000081805310,0x0000000086b80000)
 Metaspace       used 16143K, capacity 16664K, committed 17024K, reserved 1064960K
  class space    used 2159K, capacity 2314K, committed 2432K, reserved 1048576K
}
Event: 21.046 GC heap before
{Heap before GC invocations=3 (full 0):
 PSYoungGen      total 38400K, used 34116K [0x00000000d5d00000, 0x00000000d8780000, 0x0000000100000000)
  eden space 33280K, 87% used [0x00000000d5d00000,0x00000000d7953fd8,0x00000000d7d80000)
  from space 5120K, 99% used [0x00000000d8280000,0x00000000d877d2c8,0x00000000d8780000)
  to   space 5120K, 0% used [0x00000000d7d80000,0x00000000d7d80000,0x00000000d8280000)
 ParOldGen       total 87552K, used 2068K [0x0000000081600000, 0x0000000086b80000, 0x00000000d5d00000)
  object space 87552K, 2% used [0x0000000081600000,0x0000000081805310,0x0000000086b80000)
 Metaspace       used 20668K, capacity 21220K, committed 21296K, reserved 1067008K
  class space    used 2723K, capacity 2908K, committed 2944K, reserved 1048576K
Event: 21.057 GC heap after
Heap after GC invocations=3 (full 0):
 PSYoungGen      total 38400K, used 5090K [0x00000000d5d00000, 0x00000000d8780000, 0x0000000100000000)
  eden space 33280K, 0% used [0x00000000d5d00000,0x00000000d5d00000,0x00000000d7d80000)
  from space 5120K, 99% used [0x00000000d7d80000,0x00000000d8278b70,0x00000000d8280000)
  to   space 5120K, 0% used [0x00000000d8280000,0x00000000d8280000,0x00000000d8780000)
 ParOldGen       total 87552K, used 5437K [0x0000000081600000, 0x0000000086b80000, 0x00000000d5d00000)
  object space 87552K, 6% used [0x0000000081600000,0x0000000081b4f438,0x0000000086b80000)
 Metaspace       used 20668K, capacity 21220K, committed 21296K, reserved 1067008K
  class space    used 2723K, capacity 2908K, committed 2944K, reserved 1048576K
}
Event: 21.057 GC heap before
{Heap before GC invocations=4 (full 1):
 PSYoungGen      total 38400K, used 5090K [0x00000000d5d00000, 0x00000000d8780000, 0x0000000100000000)
  eden space 33280K, 0% used [0x00000000d5d00000,0x00000000d5d00000,0x00000000d7d80000)
  from space 5120K, 99% used [0x00000000d7d80000,0x00000000d8278b70,0x00000000d8280000)
  to   space 5120K, 0% used [0x00000000d8280000,0x00000000d8280000,0x00000000d8780000)
 ParOldGen       total 87552K, used 5437K [0x0000000081600000, 0x0000000086b80000, 0x00000000d5d00000)
  object space 87552K, 6% used [0x0000000081600000,0x0000000081b4f438,0x0000000086b80000)
 Metaspace       used 20668K, capacity 21220K, committed 21296K, reserved 1067008K
  class space    used 2723K, capacity 2908K, committed 2944K, reserved 1048576K
Event: 21.101 GC heap after
Heap after GC invocations=4 (full 1):
 PSYoungGen      total 38400K, used 0K [0x00000000d5d00000, 0x00000000d8780000, 0x0000000100000000)
  eden space 33280K, 0% used [0x00000000d5d00000,0x00000000d5d00000,0x00000000d7d80000)
  from space 5120K, 0% used [0x00000000d7d80000,0x00000000d7d80000,0x00000000d8280000)
  to   space 5120K, 0% used [0x00000000d8280000,0x00000000d8280000,0x00000000d8780000)
 ParOldGen       total 46080K, used 8345K [0x0000000081600000, 0x0000000084300000, 0x00000000d5d00000)
  object space 46080K, 18% used [0x0000000081600000,0x0000000081e26430,0x0000000084300000)
 Metaspace       used 20668K, capacity 21220K, committed 21296K, reserved 1067008K
  class space    used 2723K, capacity 2908K, committed 2944K, reserved 1048576K
}
Event: 26.455 GC heap before
{Heap before GC invocations=5 (full 1):
 PSYoungGen      total 38400K, used 31999K [0x00000000d5d00000, 0x00000000d8780000, 0x0000000100000000)
  eden space 33280K, 96% used [0x00000000d5d00000,0x00000000d7c3feb8,0x00000000d7d80000)
  from space 5120K, 0% used [0x00000000d7d80000,0x00000000d7d80000,0x00000000d8280000)
  to   space 5120K, 0% used [0x00000000d8280000,0x00000000d8280000,0x00000000d8780000)
 ParOldGen       total 46080K, used 8345K [0x0000000081600000, 0x0000000084300000, 0x00000000d5d00000)
  object space 46080K, 18% used [0x0000000081600000,0x0000000081e26430,0x0000000084300000)
 Metaspace       used 25681K, capacity 26784K, committed 26880K, reserved 1073152K
  class space    used 3481K, capacity 3764K, committed 3840K, reserved 1048576K
Event: 26.460 GC heap after
Heap after GC invocations=5 (full 1):
 PSYoungGen      total 38400K, used 4523K [0x00000000d5d00000, 0x00000000d8780000, 0x0000000100000000)
  eden space 33280K, 0% used [0x00000000d5d00000,0x00000000d5d00000,0x00000000d7d80000)
  from space 5120K, 88% used [0x00000000d8280000,0x00000000d86eac58,0x00000000d8780000)
  to   space 5120K, 0% used [0x00000000d7d80000,0x00000000d7d80000,0x00000000d8280000)
 ParOldGen       total 46080K, used 8353K [0x0000000081600000, 0x0000000084300000, 0x00000000d5d00000)
  object space 46080K, 18% used [0x0000000081600000,0x0000000081e28430,0x0000000084300000)
 Metaspace       used 25681K, capacity 26784K, committed 26880K, reserved 1073152K
  class space    used 3481K, capacity 3764K, committed 3840K, reserved 1048576K
}

