<?xml version="1.0" encoding="UTF-8"?>
<testng-results skipped="0" failed="0" ignored="0" total="7" passed="7">
  <reporter-output>
  </reporter-output>
  <suite name="BDD Test Suite" duration-ms="155995" started-at="2022-07-19T14:43:13 ICT" finished-at="2022-07-19T14:45:49 ICT">
    <groups>
      <group name="cucumber">
        <method signature="TestRunner.feature(cucumber.api.testng.CucumberFeatureWrapper)[pri:0, instance:com.cucumberFramework.testRunner.TestRunner@7a9273a8]" name="feature" class="com.cucumberFramework.testRunner.TestRunner"/>
      </group> <!-- cucumber -->
    </groups>
    <test name="BVT Test" duration-ms="155995" started-at="2022-07-19T14:43:13 ICT" finished-at="2022-07-19T14:45:49 ICT">
      <class name="com.cucumberFramework.testRunner.TestRunner">
        <test-method status="PASS" signature="setUpClass()[pri:0, instance:com.cucumberFramework.testRunner.TestRunner@7a9273a8]" name="setUpClass" is-config="true" duration-ms="306" started-at="2022-07-19T14:43:13 ICT" finished-at="2022-07-19T14:43:13 ICT">
          <reporter-output>
          </reporter-output>
        </test-method> <!-- setUpClass -->
        <test-method status="PASS" signature="feature(cucumber.api.testng.CucumberFeatureWrapper)[pri:0, instance:com.cucumberFramework.testRunner.TestRunner@7a9273a8]" name="feature" duration-ms="13294" started-at="2022-07-19T14:43:13 ICT" description="Runs cucumber Features" data-provider="features" finished-at="2022-07-19T14:43:26 ICT">
          <params>
            <param index="0">
              <value>
                <![CDATA[As a role of admin, I can search booking with booking number]]>
              </value>
            </param>
          </params>
          <reporter-output>
          </reporter-output>
        </test-method> <!-- feature -->
        <test-method status="PASS" signature="feature(cucumber.api.testng.CucumberFeatureWrapper)[pri:0, instance:com.cucumberFramework.testRunner.TestRunner@7a9273a8]" name="feature" duration-ms="16570" started-at="2022-07-19T14:43:26 ICT" description="Runs cucumber Features" data-provider="features" finished-at="2022-07-19T14:43:43 ICT">
          <params>
            <param index="0">
              <value>
                <![CDATA[As a customer role, i can cancel booking]]>
              </value>
            </param>
          </params>
          <reporter-output>
          </reporter-output>
        </test-method> <!-- feature -->
        <test-method status="PASS" signature="feature(cucumber.api.testng.CucumberFeatureWrapper)[pri:0, instance:com.cucumberFramework.testRunner.TestRunner@7a9273a8]" name="feature" duration-ms="10810" started-at="2022-07-19T14:43:43 ICT" description="Runs cucumber Features" data-provider="features" finished-at="2022-07-19T14:43:54 ICT">
          <params>
            <param index="0">
              <value>
                <![CDATA[As a role of admin, i check the "Total" is correctly calculated]]>
              </value>
            </param>
          </params>
          <reporter-output>
          </reporter-output>
        </test-method> <!-- feature -->
        <test-method status="PASS" signature="feature(cucumber.api.testng.CucumberFeatureWrapper)[pri:0, instance:com.cucumberFramework.testRunner.TestRunner@7a9273a8]" name="feature" duration-ms="41288" started-at="2022-07-19T14:43:54 ICT" description="Runs cucumber Features" data-provider="features" finished-at="2022-07-19T14:44:35 ICT">
          <params>
            <param index="0">
              <value>
                <![CDATA[As a Gwesty customer and admin, I should be able to login and logout with valid credentials]]>
              </value>
            </param>
          </params>
          <reporter-output>
          </reporter-output>
        </test-method> <!-- feature -->
        <test-method status="PASS" signature="feature(cucumber.api.testng.CucumberFeatureWrapper)[pri:0, instance:com.cucumberFramework.testRunner.TestRunner@7a9273a8]" name="feature" duration-ms="9962" started-at="2022-07-19T14:44:35 ICT" description="Runs cucumber Features" data-provider="features" finished-at="2022-07-19T14:44:45 ICT">
          <params>
            <param index="0">
              <value>
                <![CDATA[As a customer, I should be able to search for available room]]>
              </value>
            </param>
          </params>
          <reporter-output>
          </reporter-output>
        </test-method> <!-- feature -->
        <test-method status="PASS" signature="feature(cucumber.api.testng.CucumberFeatureWrapper)[pri:0, instance:com.cucumberFramework.testRunner.TestRunner@7a9273a8]" name="feature" duration-ms="57461" started-at="2022-07-19T14:44:45 ICT" description="Runs cucumber Features" data-provider="features" finished-at="2022-07-19T14:45:42 ICT">
          <params>
            <param index="0">
              <value>
                <![CDATA[As a guest and as a customer, I should be able to search for available room, booking and make payment]]>
              </value>
            </param>
          </params>
          <reporter-output>
          </reporter-output>
        </test-method> <!-- feature -->
        <test-method status="PASS" signature="feature(cucumber.api.testng.CucumberFeatureWrapper)[pri:0, instance:com.cucumberFramework.testRunner.TestRunner@7a9273a8]" name="feature" duration-ms="5932" started-at="2022-07-19T14:45:43 ICT" description="Runs cucumber Features" data-provider="features" finished-at="2022-07-19T14:45:48 ICT">
          <params>
            <param index="0">
              <value>
                <![CDATA[on homepage, I can search my booking with booking number]]>
              </value>
            </param>
          </params>
          <reporter-output>
          </reporter-output>
        </test-method> <!-- feature -->
        <test-method status="PASS" signature="testDownClass()[pri:0, instance:com.cucumberFramework.testRunner.TestRunner@7a9273a8]" name="testDownClass" is-config="true" duration-ms="178" started-at="2022-07-19T14:45:48 ICT" finished-at="2022-07-19T14:45:49 ICT">
          <reporter-output>
          </reporter-output>
        </test-method> <!-- testDownClass -->
      </class> <!-- com.cucumberFramework.testRunner.TestRunner -->
    </test> <!-- BVT Test -->
  </suite> <!-- BDD Test Suite -->
</testng-results>
