<?xml version="1.0" encoding="UTF-8"?>
<testsuite xmlns:xsi="http://www.w3.org/2001/XMLSchema-instance" xsi:noNamespaceSchemaLocation="https://maven.apache.org/surefire/maven-surefire-plugin/xsd/surefire-test-report-3.0.xsd" version="3.0" name="TestSuite" time="156.685" tests="7" errors="0" skipped="0" failures="0">
  <properties>
[...]
</properties>
  <testcase name="feature[As a role of admin, I can search booking with booking number](1)" classname="com.cucumberFramework.testRunner.TestRunner" time="13.334">
    <system-out><![CDATA[2022-07-19 14:07:465 INFO  WaitHelper :23 - waiting for element visibilityOf..
2022-07-19 14:07:565 INFO  WaitHelper :26 - element is visible..
2022-07-19 14:07:665 INFO  WaitHelper :23 - waiting for element visibilityOf..
2022-07-19 14:07:273 INFO  WaitHelper :26 - element is visible..
2022-07-19 14:07:371 INFO  WaitHelper :23 - waiting for element visibilityOf..
2022-07-19 14:07:407 INFO  WaitHelper :26 - element is visible..
2022-07-19 14:07:489 INFO  WaitHelper :23 - waiting for element visibilityOf..
2022-07-19 14:07:546 INFO  WaitHelper :26 - element is visible..
2022-07-19 14:07:763 INFO  WaitHelper :23 - waiting for element visibilityOf..
2022-07-19 14:07:803 INFO  WaitHelper :26 - element is visible..
2022-07-19 14:07:894 INFO  WaitHelper :23 - waiting for element visibilityOf..
2022-07-19 14:07:960 INFO  WaitHelper :26 - element is visible..
2022-07-19 14:07:816 INFO  WaitHelper :23 - waiting for element visibilityOf..
2022-07-19 14:07:859 INFO  WaitHelper :26 - element is visible..
2022-07-19 14:07:986 INFO  WaitHelper :23 - waiting for element visibilityOf..
2022-07-19 14:07:56 INFO  WaitHelper :26 - element is visible..
2022-07-19 14:07:706 INFO  WaitHelper :23 - waiting for element visibilityOf..
2022-07-19 14:07:747 INFO  WaitHelper :26 - element is visible..
2022-07-19 14:07:783 INFO  WaitHelper :23 - waiting for element visibilityOf..
2022-07-19 14:07:817 INFO  WaitHelper :26 - element is visible..
2022-07-19 14:07:848 INFO  ServiceHooks :43 - Verify search function when providing valid booking number is pass
]]></system-out>
    <system-err><![CDATA[SLF4J: Failed to load class "org.slf4j.impl.StaticLoggerBinder".
SLF4J: Defaulting to no-operation (NOP) logger implementation
SLF4J: See http://www.slf4j.org/codes.html#StaticLoggerBinder for further details.
Starting ChromeDriver 103.0.5060.53 (a1711811edd74ff1cf2150f36ffa3b0dae40b17f-refs/branch-heads/5060@{#853}) on port 57742
Only local connections are allowed.
Please see https://chromedriver.chromium.org/security-considerations for suggestions on keeping ChromeDriver safe.
ChromeDriver was started successfully.
Jul 19, 2022 2:43:16 PM org.openqa.selenium.remote.ProtocolHandshake createSession
INFO: Detected upstream dialect: W3C
Jul 19, 2022 2:43:16 PM org.openqa.selenium.devtools.CdpVersionFinder findNearestMatch
WARNING: Unable to find an exact match for CDP version 103, so returning the closest version found: 102
Jul 19, 2022 2:43:16 PM org.openqa.selenium.devtools.CdpVersionFinder findNearestMatch
INFO: Found CDP implementation for version 103 of 102
]]></system-err>
  </testcase>
  <testcase name="feature[As a customer role, i can cancel booking](2)" classname="com.cucumberFramework.testRunner.TestRunner" time="16.562">
    <system-out><![CDATA[2022-07-19 14:07:723 INFO  WaitHelper :23 - waiting for element visibilityOf..
2022-07-19 14:07:766 INFO  WaitHelper :26 - element is visible..
2022-07-19 14:07:863 INFO  WaitHelper :23 - waiting for element visibilityOf..
2022-07-19 14:07:462 INFO  WaitHelper :26 - element is visible..
2022-07-19 14:07:553 INFO  WaitHelper :23 - waiting for element visibilityOf..
2022-07-19 14:07:582 INFO  WaitHelper :26 - element is visible..
2022-07-19 14:07:663 INFO  WaitHelper :23 - waiting for element visibilityOf..
2022-07-19 14:07:705 INFO  WaitHelper :26 - element is visible..
2022-07-19 14:07:819 INFO  WaitHelper :23 - waiting for element visibilityOf..
2022-07-19 14:07:854 INFO  WaitHelper :26 - element is visible..
2022-07-19 14:07:928 INFO  WaitHelper :23 - waiting for element visibilityOf..
2022-07-19 14:07:969 INFO  WaitHelper :26 - element is visible..
2022-07-19 14:07:509 INFO  WaitHelper :23 - waiting for element visibilityOf..
2022-07-19 14:07:540 INFO  WaitHelper :26 - element is visible..
2022-07-19 14:07:852 INFO  WaitHelper :23 - waiting for element visibilityOf..
2022-07-19 14:07:889 INFO  WaitHelper :26 - element is visible..
2022-07-19 14:07:464 INFO  ServiceHooks :43 - Verify that users can cancel a booking if check-in date has not come yet is pass
]]></system-out>
    <system-err><![CDATA[Starting ChromeDriver 103.0.5060.53 (a1711811edd74ff1cf2150f36ffa3b0dae40b17f-refs/branch-heads/5060@{#853}) on port 56480
Only local connections are allowed.
Please see https://chromedriver.chromium.org/security-considerations for suggestions on keeping ChromeDriver safe.
ChromeDriver was started successfully.
Jul 19, 2022 2:43:28 PM org.openqa.selenium.remote.ProtocolHandshake createSession
INFO: Detected upstream dialect: W3C
Jul 19, 2022 2:43:28 PM org.openqa.selenium.devtools.CdpVersionFinder findNearestMatch
WARNING: Unable to find an exact match for CDP version 103, so returning the closest version found: 102
Jul 19, 2022 2:43:28 PM org.openqa.selenium.devtools.CdpVersionFinder findNearestMatch
INFO: Found CDP implementation for version 103 of 102
]]></system-err>
  </testcase>
  <testcase name="feature[As a role of admin, i check the &quot;Total&quot; is correctly calculated](3)" classname="com.cucumberFramework.testRunner.TestRunner" time="10.804">
    <system-out><![CDATA[2022-07-19 14:07:09 INFO  WaitHelper :23 - waiting for element visibilityOf..
2022-07-19 14:07:55 INFO  WaitHelper :26 - element is visible..
2022-07-19 14:07:152 INFO  WaitHelper :23 - waiting for element visibilityOf..
2022-07-19 14:07:721 INFO  WaitHelper :26 - element is visible..
2022-07-19 14:07:805 INFO  WaitHelper :23 - waiting for element visibilityOf..
2022-07-19 14:07:837 INFO  WaitHelper :26 - element is visible..
2022-07-19 14:07:919 INFO  WaitHelper :23 - waiting for element visibilityOf..
2022-07-19 14:07:976 INFO  WaitHelper :26 - element is visible..
2022-07-19 14:07:271 INFO  WaitHelper :23 - waiting for element visibilityOf..
2022-07-19 14:07:315 INFO  WaitHelper :26 - element is visible..
2022-07-19 14:07:406 INFO  WaitHelper :23 - waiting for element visibilityOf..
2022-07-19 14:07:444 INFO  WaitHelper :26 - element is visible..
2022-07-19 14:07:147 INFO  WaitHelper :23 - waiting for element visibilityOf..
2022-07-19 14:07:221 INFO  WaitHelper :26 - element is visible..
2022-07-19 14:07:503 INFO  WaitHelper :23 - waiting for element visibilityOf..
2022-07-19 14:07:536 INFO  WaitHelper :26 - element is visible..
418.0
2022-07-19 14:07:326 INFO  ServiceHooks :43 - Verify that the Total on the Booking Details page is correctly calculated is pass
]]></system-out>
    <system-err><![CDATA[Starting ChromeDriver 103.0.5060.53 (a1711811edd74ff1cf2150f36ffa3b0dae40b17f-refs/branch-heads/5060@{#853}) on port 59962
Only local connections are allowed.
Please see https://chromedriver.chromium.org/security-considerations for suggestions on keeping ChromeDriver safe.
ChromeDriver was started successfully.
Jul 19, 2022 2:43:44 PM org.openqa.selenium.remote.ProtocolHandshake createSession
INFO: Detected upstream dialect: W3C
Jul 19, 2022 2:43:44 PM org.openqa.selenium.devtools.CdpVersionFinder findNearestMatch
WARNING: Unable to find an exact match for CDP version 103, so returning the closest version found: 102
Jul 19, 2022 2:43:44 PM org.openqa.selenium.devtools.CdpVersionFinder findNearestMatch
INFO: Found CDP implementation for version 103 of 102
]]></system-err>
  </testcase>
  <testcase name="feature[As a Gwesty customer and admin, I should be able to login and logout with valid credentials](4)" classname="com.cucumberFramework.testRunner.TestRunner" time="41.297">
    <system-out><![CDATA[2022-07-19 14:07:254 INFO  WaitHelper :23 - waiting for element visibilityOf..
2022-07-19 14:07:311 INFO  WaitHelper :26 - element is visible..
2022-07-19 14:07:410 INFO  WaitHelper :23 - waiting for element visibilityOf..
2022-07-19 14:07:991 INFO  WaitHelper :26 - element is visible..
2022-07-19 14:07:16 INFO  WaitHelper :23 - waiting for element visibilityOf..
2022-07-19 14:07:46 INFO  WaitHelper :26 - element is visible..
2022-07-19 14:07:134 INFO  WaitHelper :23 - waiting for element visibilityOf..
2022-07-19 14:07:166 INFO  WaitHelper :26 - element is visible..
2022-07-19 14:07:259 INFO  WaitHelper :23 - waiting for element visibilityOf..
2022-07-19 14:07:296 INFO  WaitHelper :26 - element is visible..
2022-07-19 14:07:361 INFO  WaitHelper :23 - waiting for element visibilityOf..
2022-07-19 14:07:388 INFO  WaitHelper :26 - element is visible..
2022-07-19 14:07:463 INFO  WaitHelper :23 - waiting for element visibilityOf..
2022-07-19 14:07:491 INFO  WaitHelper :26 - element is visible..
2022-07-19 14:07:518 INFO  WaitHelper :23 - waiting for element visibilityOf..
2022-07-19 14:07:554 INFO  WaitHelper :26 - element is visible..
2022-07-19 14:07:651 INFO  WaitHelper :23 - waiting for element visibilityOf..
2022-07-19 14:07:700 INFO  WaitHelper :26 - element is visible..
2022-07-19 14:07:524 INFO  WaitHelper :23 - waiting for element visibilityOf..
2022-07-19 14:07:556 INFO  WaitHelper :26 - element is visible..
2022-07-19 14:07:576 INFO  ServiceHooks :43 - Login into the application as customer role with valid credentials and logout is pass
2022-07-19 14:07:423 INFO  WaitHelper :23 - waiting for element visibilityOf..
2022-07-19 14:07:467 INFO  WaitHelper :26 - element is visible..
2022-07-19 14:07:552 INFO  WaitHelper :23 - waiting for element visibilityOf..
2022-07-19 14:07:146 INFO  WaitHelper :26 - element is visible..
2022-07-19 14:07:177 INFO  WaitHelper :23 - waiting for element visibilityOf..
2022-07-19 14:07:211 INFO  WaitHelper :26 - element is visible..
2022-07-19 14:07:306 INFO  WaitHelper :23 - waiting for element visibilityOf..
2022-07-19 14:07:333 INFO  WaitHelper :26 - element is visible..
2022-07-19 14:07:429 INFO  WaitHelper :23 - waiting for element visibilityOf..
2022-07-19 14:07:461 INFO  WaitHelper :26 - element is visible..
2022-07-19 14:07:528 INFO  WaitHelper :23 - waiting for element visibilityOf..
2022-07-19 14:07:552 INFO  WaitHelper :26 - element is visible..
2022-07-19 14:07:873 INFO  WaitHelper :23 - waiting for element visibilityOf..
2022-07-19 14:07:906 INFO  WaitHelper :26 - element is visible..
2022-07-19 14:07:937 INFO  WaitHelper :23 - waiting for element visibilityOf..
2022-07-19 14:07:979 INFO  WaitHelper :26 - element is visible..
2022-07-19 14:07:62 INFO  WaitHelper :23 - waiting for element visibilityOf..
2022-07-19 14:07:122 INFO  WaitHelper :26 - element is visible..
2022-07-19 14:07:916 INFO  WaitHelper :23 - waiting for element visibilityOf..
2022-07-19 14:07:940 INFO  WaitHelper :26 - element is visible..
2022-07-19 14:07:961 INFO  ServiceHooks :43 - Login into the application as admin role with valid credentials and logout is pass
2022-07-19 14:07:751 INFO  WaitHelper :23 - waiting for element visibilityOf..
2022-07-19 14:07:808 INFO  WaitHelper :26 - element is visible..
2022-07-19 14:07:906 INFO  WaitHelper :23 - waiting for element visibilityOf..
2022-07-19 14:07:506 INFO  WaitHelper :26 - element is visible..
2022-07-19 14:07:540 INFO  WaitHelper :23 - waiting for element visibilityOf..
2022-07-19 14:07:569 INFO  WaitHelper :26 - element is visible..
2022-07-19 14:07:667 INFO  WaitHelper :23 - waiting for element visibilityOf..
2022-07-19 14:07:691 INFO  WaitHelper :26 - element is visible..
2022-07-19 14:07:736 INFO  WaitHelper :23 - waiting for element visibilityOf..
2022-07-19 14:07:787 INFO  WaitHelper :26 - element is visible..
2022-07-19 14:07:829 INFO  WaitHelper :23 - waiting for element visibilityOf..
2022-07-19 14:07:862 INFO  WaitHelper :26 - element is visible..
Error: Wrong username or password !!!
2022-07-19 14:07:889 INFO  ServiceHooks :43 - Login into the application with invalid credentials in these Wrong username is pass
2022-07-19 14:07:525 INFO  WaitHelper :23 - waiting for element visibilityOf..
2022-07-19 14:07:566 INFO  WaitHelper :26 - element is visible..
2022-07-19 14:07:663 INFO  WaitHelper :23 - waiting for element visibilityOf..
2022-07-19 14:07:236 INFO  WaitHelper :26 - element is visible..
2022-07-19 14:07:266 INFO  WaitHelper :23 - waiting for element visibilityOf..
2022-07-19 14:07:301 INFO  WaitHelper :26 - element is visible..
2022-07-19 14:07:398 INFO  WaitHelper :23 - waiting for element visibilityOf..
2022-07-19 14:07:422 INFO  WaitHelper :26 - element is visible..
2022-07-19 14:07:481 INFO  WaitHelper :23 - waiting for element visibilityOf..
2022-07-19 14:07:536 INFO  WaitHelper :26 - element is visible..
2022-07-19 14:07:536 INFO  WaitHelper :23 - waiting for element visibilityOf..
2022-07-19 14:07:569 INFO  WaitHelper :26 - element is visible..
Error: Wrong username or password !!!
2022-07-19 14:07:594 INFO  ServiceHooks :43 - Login into the application with invalid credentials in these Wrong password is pass
2022-07-19 14:07:423 INFO  WaitHelper :23 - waiting for element visibilityOf..
2022-07-19 14:07:464 INFO  WaitHelper :26 - element is visible..
2022-07-19 14:07:560 INFO  WaitHelper :23 - waiting for element visibilityOf..
2022-07-19 14:07:156 INFO  WaitHelper :26 - element is visible..
2022-07-19 14:07:204 INFO  WaitHelper :23 - waiting for element visibilityOf..
2022-07-19 14:07:248 INFO  WaitHelper :26 - element is visible..
2022-07-19 14:07:351 INFO  WaitHelper :23 - waiting for element visibilityOf..
2022-07-19 14:07:374 INFO  WaitHelper :26 - element is visible..
2022-07-19 14:07:422 INFO  WaitHelper :23 - waiting for element visibilityOf..
2022-07-19 14:07:472 INFO  WaitHelper :26 - element is visible..
2022-07-19 14:07:428 INFO  WaitHelper :23 - waiting for element visibilityOf..
2022-07-19 14:07:462 INFO  WaitHelper :26 - element is visible..
Error: Wrong username or password !!!
2022-07-19 14:07:487 INFO  ServiceHooks :43 - Login into the application with invalid credentials in these Wrong username and password is pass
]]></system-out>
    <system-err><![CDATA[Starting ChromeDriver 103.0.5060.53 (a1711811edd74ff1cf2150f36ffa3b0dae40b17f-refs/branch-heads/5060@{#853}) on port 51419
Only local connections are allowed.
Please see https://chromedriver.chromium.org/security-considerations for suggestions on keeping ChromeDriver safe.
ChromeDriver was started successfully.
Jul 19, 2022 2:43:55 PM org.openqa.selenium.remote.ProtocolHandshake createSession
INFO: Detected upstream dialect: W3C
Jul 19, 2022 2:43:55 PM org.openqa.selenium.devtools.CdpVersionFinder findNearestMatch
WARNING: Unable to find an exact match for CDP version 103, so returning the closest version found: 102
Jul 19, 2022 2:43:55 PM org.openqa.selenium.devtools.CdpVersionFinder findNearestMatch
INFO: Found CDP implementation for version 103 of 102
Starting ChromeDriver 103.0.5060.53 (a1711811edd74ff1cf2150f36ffa3b0dae40b17f-refs/branch-heads/5060@{#853}) on port 58534
Only local connections are allowed.
Please see https://chromedriver.chromium.org/security-considerations for suggestions on keeping ChromeDriver safe.
ChromeDriver was started successfully.
Jul 19, 2022 2:44:03 PM org.openqa.selenium.remote.ProtocolHandshake createSession
INFO: Detected upstream dialect: W3C
Jul 19, 2022 2:44:04 PM org.openqa.selenium.devtools.CdpVersionFinder findNearestMatch
WARNING: Unable to find an exact match for CDP version 103, so returning the closest version found: 102
Jul 19, 2022 2:44:04 PM org.openqa.selenium.devtools.CdpVersionFinder findNearestMatch
INFO: Found CDP implementation for version 103 of 102
Starting ChromeDriver 103.0.5060.53 (a1711811edd74ff1cf2150f36ffa3b0dae40b17f-refs/branch-heads/5060@{#853}) on port 59928
Only local connections are allowed.
Please see https://chromedriver.chromium.org/security-considerations for suggestions on keeping ChromeDriver safe.
ChromeDriver was started successfully.
Jul 19, 2022 2:44:16 PM org.openqa.selenium.remote.ProtocolHandshake createSession
INFO: Detected upstream dialect: W3C
Jul 19, 2022 2:44:16 PM org.openqa.selenium.devtools.CdpVersionFinder findNearestMatch
WARNING: Unable to find an exact match for CDP version 103, so returning the closest version found: 102
Jul 19, 2022 2:44:16 PM org.openqa.selenium.devtools.CdpVersionFinder findNearestMatch
INFO: Found CDP implementation for version 103 of 102
Starting ChromeDriver 103.0.5060.53 (a1711811edd74ff1cf2150f36ffa3b0dae40b17f-refs/branch-heads/5060@{#853}) on port 57293
Only local connections are allowed.
Please see https://chromedriver.chromium.org/security-considerations for suggestions on keeping ChromeDriver safe.
ChromeDriver was started successfully.
Jul 19, 2022 2:44:23 PM org.openqa.selenium.remote.ProtocolHandshake createSession
INFO: Detected upstream dialect: W3C
Jul 19, 2022 2:44:23 PM org.openqa.selenium.devtools.CdpVersionFinder findNearestMatch
WARNING: Unable to find an exact match for CDP version 103, so returning the closest version found: 102
Jul 19, 2022 2:44:23 PM org.openqa.selenium.devtools.CdpVersionFinder findNearestMatch
INFO: Found CDP implementation for version 103 of 102
Starting ChromeDriver 103.0.5060.53 (a1711811edd74ff1cf2150f36ffa3b0dae40b17f-refs/branch-heads/5060@{#853}) on port 55735
Only local connections are allowed.
Please see https://chromedriver.chromium.org/security-considerations for suggestions on keeping ChromeDriver safe.
ChromeDriver was started successfully.
Jul 19, 2022 2:44:29 PM org.openqa.selenium.remote.ProtocolHandshake createSession
INFO: Detected upstream dialect: W3C
Jul 19, 2022 2:44:29 PM org.openqa.selenium.devtools.CdpVersionFinder findNearestMatch
WARNING: Unable to find an exact match for CDP version 103, so returning the closest version found: 102
Jul 19, 2022 2:44:29 PM org.openqa.selenium.devtools.CdpVersionFinder findNearestMatch
INFO: Found CDP implementation for version 103 of 102
]]></system-err>
  </testcase>
  <testcase name="feature[As a customer, I should be able to search for available room](5)" classname="com.cucumberFramework.testRunner.TestRunner" time="9.944">
    <system-out><![CDATA[2022-07-19 14:07:212 INFO  WaitHelper :23 - waiting for element visibilityOf..
2022-07-19 14:07:252 INFO  WaitHelper :26 - element is visible..
2022-07-19 14:07:349 INFO  WaitHelper :23 - waiting for element visibilityOf..
2022-07-19 14:07:927 INFO  WaitHelper :26 - element is visible..
2022-07-19 14:07:39 INFO  WaitHelper :23 - waiting for element visibilityOf..
2022-07-19 14:07:86 INFO  WaitHelper :26 - element is visible..
2022-07-19 14:07:171 INFO  WaitHelper :23 - waiting for element visibilityOf..
2022-07-19 14:07:213 INFO  WaitHelper :26 - element is visible..
2022-07-19 14:07:292 INFO  WaitHelper :23 - waiting for element visibilityOf..
2022-07-19 14:07:320 INFO  WaitHelper :26 - element is visible..
2022-07-19 14:07:483 INFO  WaitHelper :23 - waiting for element visibilityOf..
2022-07-19 14:07:540 INFO  WaitHelper :26 - element is visible..
2022-07-19 14:07:684 INFO  WaitHelper :23 - waiting for element visibilityOf..
2022-07-19 14:07:715 INFO  WaitHelper :26 - element is visible..
2022-07-19 14:07:777 INFO  WaitHelper :23 - waiting for element visibilityOf..
2022-07-19 14:07:814 INFO  WaitHelper :26 - element is visible..
2022-07-19 14:07:875 INFO  WaitHelper :23 - waiting for element visibilityOf..
2022-07-19 14:07:916 INFO  WaitHelper :26 - element is visible..
Abc
5
5
500.5
Deluxe
2
2
250.0
Junior Suite
2
1
200.0

2
2
600.0
Superior City View
2
2
150.0
Deluxe Twin
2
2
250.0
2022-07-19 14:07:332 INFO  WaitHelper :23 - waiting for element visibilityOf..
2022-07-19 14:07:344 INFO  WaitHelper :26 - element is visible..
2022-07-19 14:07:168 INFO  ServiceHooks :43 - Verify if customer can search for available room is pass
]]></system-out>
    <system-err><![CDATA[Starting ChromeDriver 103.0.5060.53 (a1711811edd74ff1cf2150f36ffa3b0dae40b17f-refs/branch-heads/5060@{#853}) on port 62493
Only local connections are allowed.
Please see https://chromedriver.chromium.org/security-considerations for suggestions on keeping ChromeDriver safe.
ChromeDriver was started successfully.
Jul 19, 2022 2:44:36 PM org.openqa.selenium.remote.ProtocolHandshake createSession
INFO: Detected upstream dialect: W3C
Jul 19, 2022 2:44:36 PM org.openqa.selenium.devtools.CdpVersionFinder findNearestMatch
WARNING: Unable to find an exact match for CDP version 103, so returning the closest version found: 102
Jul 19, 2022 2:44:36 PM org.openqa.selenium.devtools.CdpVersionFinder findNearestMatch
INFO: Found CDP implementation for version 103 of 102
]]></system-err>
  </testcase>
  <testcase name="feature[As a guest and as a customer, I should be able to search for available room, booking and make payment](6)" classname="com.cucumberFramework.testRunner.TestRunner" time="57.466">
    <system-out><![CDATA[2022-07-19 14:07:404 INFO  WaitHelper :23 - waiting for element visibilityOf..
2022-07-19 14:07:442 INFO  WaitHelper :26 - element is visible..
2022-07-19 14:07:618 INFO  WaitHelper :23 - waiting for element visibilityOf..
2022-07-19 14:07:663 INFO  WaitHelper :26 - element is visible..
2022-07-19 14:07:794 INFO  WaitHelper :23 - waiting for element visibilityOf..
2022-07-19 14:07:836 INFO  WaitHelper :26 - element is visible..
2022-07-19 14:07:914 INFO  WaitHelper :23 - waiting for element visibilityOf..
2022-07-19 14:07:954 INFO  WaitHelper :26 - element is visible..
2022-07-19 14:07:17 INFO  WaitHelper :23 - waiting for element visibilityOf..
2022-07-19 14:07:55 INFO  WaitHelper :26 - element is visible..
2022-07-19 14:07:585 INFO  WaitHelper :23 - waiting for element visibilityOf..
2022-07-19 14:07:617 INFO  WaitHelper :26 - element is visible..
2022-07-19 14:07:231 INFO  WaitHelper :23 - waiting for element visibilityOf..
2022-07-19 14:07:259 INFO  WaitHelper :26 - element is visible..
2022-07-19 14:07:282 INFO  WaitHelper :23 - waiting for element visibilityOf..
2022-07-19 14:07:311 INFO  WaitHelper :26 - element is visible..
2022-07-19 14:07:550 INFO  WaitHelper :23 - waiting for element visibilityOf..
2022-07-19 14:07:592 INFO  WaitHelper :26 - element is visible..
2022-07-19 14:07:740 INFO  WaitHelper :23 - waiting for element visibilityOf..
2022-07-19 14:07:769 INFO  WaitHelper :26 - element is visible..
2022-07-19 14:07:884 INFO  WaitHelper :23 - waiting for element visibilityOf..
2022-07-19 14:07:918 INFO  WaitHelper :26 - element is visible..
2022-07-19 14:07:06 INFO  WaitHelper :23 - waiting for element visibilityOf..
2022-07-19 14:07:37 INFO  WaitHelper :26 - element is visible..
2022-07-19 14:07:142 INFO  WaitHelper :23 - waiting for element visibilityOf..
2022-07-19 14:07:173 INFO  WaitHelper :26 - element is visible..
2022-07-19 14:07:251 INFO  WaitHelper :23 - waiting for element visibilityOf..
2022-07-19 14:07:283 INFO  WaitHelper :26 - element is visible..
2022-07-19 14:07:643 INFO  WaitHelper :23 - waiting for element visibilityOf..
2022-07-19 14:07:685 INFO  WaitHelper :26 - element is visible..
2022-07-19 14:07:707 INFO  WaitHelper :23 - waiting for element visibilityOf..
2022-07-19 14:07:734 INFO  WaitHelper :26 - element is visible..
2022-07-19 14:07:858 INFO  WaitHelper :23 - waiting for element visibilityOf..
2022-07-19 14:07:917 INFO  WaitHelper :26 - element is visible..
2022-07-19 14:07:69 INFO  WaitHelper :23 - waiting for element visibilityOf..
2022-07-19 14:07:103 INFO  WaitHelper :26 - element is visible..
2022-07-19 14:07:224 INFO  WaitHelper :23 - waiting for element visibilityOf..
2022-07-19 14:07:256 INFO  WaitHelper :26 - element is visible..
2022-07-19 14:07:412 INFO  WaitHelper :23 - waiting for element visibilityOf..
2022-07-19 14:07:447 INFO  WaitHelper :26 - element is visible..
2022-07-19 14:07:857 INFO  WaitHelper :23 - waiting for element visibilityOf..
2022-07-19 14:07:907 INFO  WaitHelper :26 - element is visible..
2022-07-19 14:07:947 INFO  WaitHelper :23 - waiting for element visibilityOf..
2022-07-19 14:07:977 INFO  WaitHelper :26 - element is visible..
2022-07-19 14:07:03 INFO  ServiceHooks :43 - Verify if guest can search for available room, then booking and make payment is pass
2022-07-19 14:07:937 INFO  WaitHelper :23 - waiting for element visibilityOf..
2022-07-19 14:07:981 INFO  WaitHelper :26 - element is visible..
2022-07-19 14:07:78 INFO  WaitHelper :23 - waiting for element visibilityOf..
2022-07-19 14:07:733 INFO  WaitHelper :26 - element is visible..
2022-07-19 14:07:850 INFO  WaitHelper :23 - waiting for element visibilityOf..
2022-07-19 14:07:876 INFO  WaitHelper :26 - element is visible..
2022-07-19 14:07:953 INFO  WaitHelper :23 - waiting for element visibilityOf..
2022-07-19 14:07:992 INFO  WaitHelper :26 - element is visible..
2022-07-19 14:07:80 INFO  WaitHelper :23 - waiting for element visibilityOf..
2022-07-19 14:07:107 INFO  WaitHelper :26 - element is visible..
2022-07-19 14:07:279 INFO  WaitHelper :23 - waiting for element visibilityOf..
2022-07-19 14:07:340 INFO  WaitHelper :26 - element is visible..
2022-07-19 14:07:477 INFO  WaitHelper :23 - waiting for element visibilityOf..
2022-07-19 14:07:506 INFO  WaitHelper :26 - element is visible..
2022-07-19 14:07:572 INFO  WaitHelper :23 - waiting for element visibilityOf..
2022-07-19 14:07:608 INFO  WaitHelper :26 - element is visible..
2022-07-19 14:07:671 INFO  WaitHelper :23 - waiting for element visibilityOf..
2022-07-19 14:07:716 INFO  WaitHelper :26 - element is visible..
2022-07-19 14:07:230 INFO  WaitHelper :23 - waiting for element visibilityOf..
2022-07-19 14:07:263 INFO  WaitHelper :26 - element is visible..
2022-07-19 14:07:909 INFO  WaitHelper :23 - waiting for element visibilityOf..
2022-07-19 14:07:938 INFO  WaitHelper :26 - element is visible..
2022-07-19 14:07:958 INFO  WaitHelper :23 - waiting for element visibilityOf..
2022-07-19 14:07:985 INFO  WaitHelper :26 - element is visible..
2022-07-19 14:07:253 INFO  WaitHelper :23 - waiting for element visibilityOf..
2022-07-19 14:07:287 INFO  WaitHelper :26 - element is visible..
2022-07-19 14:07:315 INFO  WaitHelper :23 - waiting for element visibilityOf..
2022-07-19 14:07:364 INFO  WaitHelper :26 - element is visible..
2022-07-19 14:07:460 INFO  WaitHelper :23 - waiting for element visibilityOf..
2022-07-19 14:07:487 INFO  WaitHelper :26 - element is visible..
2022-07-19 14:07:583 INFO  WaitHelper :23 - waiting for element visibilityOf..
2022-07-19 14:07:613 INFO  WaitHelper :26 - element is visible..
2022-07-19 14:07:670 INFO  WaitHelper :23 - waiting for element visibilityOf..
2022-07-19 14:07:698 INFO  WaitHelper :26 - element is visible..
2022-07-19 14:07:995 INFO  WaitHelper :23 - waiting for element visibilityOf..
2022-07-19 14:07:30 INFO  WaitHelper :26 - element is visible..
2022-07-19 14:07:58 INFO  WaitHelper :23 - waiting for element visibilityOf..
2022-07-19 14:07:83 INFO  WaitHelper :26 - element is visible..
2022-07-19 14:07:233 INFO  WaitHelper :23 - waiting for element visibilityOf..
2022-07-19 14:07:273 INFO  WaitHelper :26 - element is visible..
2022-07-19 14:07:420 INFO  WaitHelper :23 - waiting for element visibilityOf..
2022-07-19 14:07:451 INFO  WaitHelper :26 - element is visible..
2022-07-19 14:07:571 INFO  WaitHelper :23 - waiting for element visibilityOf..
2022-07-19 14:07:608 INFO  WaitHelper :26 - element is visible..
2022-07-19 14:07:767 INFO  WaitHelper :23 - waiting for element visibilityOf..
2022-07-19 14:07:803 INFO  WaitHelper :26 - element is visible..
2022-07-19 14:07:00 INFO  WaitHelper :23 - waiting for element visibilityOf..
2022-07-19 14:07:60 INFO  WaitHelper :26 - element is visible..
2022-07-19 14:07:93 INFO  WaitHelper :23 - waiting for element visibilityOf..
2022-07-19 14:07:136 INFO  WaitHelper :26 - element is visible..
2022-07-19 14:07:163 INFO  WaitHelper :23 - waiting for element visibilityOf..
2022-07-19 14:07:187 INFO  WaitHelper :26 - element is visible..
2022-07-19 14:07:232 INFO  WaitHelper :23 - waiting for element visibilityOf..
2022-07-19 14:07:258 INFO  WaitHelper :26 - element is visible..
2022-07-19 14:07:541 INFO  WaitHelper :23 - waiting for element visibilityOf..
2022-07-19 14:07:574 INFO  WaitHelper :26 - element is visible..
2022-07-19 14:07:604 INFO  ServiceHooks :43 - Verify if customer can search for available room, then booking and make payment is pass
]]></system-out>
    <system-err><![CDATA[Starting ChromeDriver 103.0.5060.53 (a1711811edd74ff1cf2150f36ffa3b0dae40b17f-refs/branch-heads/5060@{#853}) on port 54376
Only local connections are allowed.
Please see https://chromedriver.chromium.org/security-considerations for suggestions on keeping ChromeDriver safe.
ChromeDriver was started successfully.
Jul 19, 2022 2:44:46 PM org.openqa.selenium.remote.ProtocolHandshake createSession
INFO: Detected upstream dialect: W3C
Jul 19, 2022 2:44:46 PM org.openqa.selenium.devtools.CdpVersionFinder findNearestMatch
WARNING: Unable to find an exact match for CDP version 103, so returning the closest version found: 102
Jul 19, 2022 2:44:46 PM org.openqa.selenium.devtools.CdpVersionFinder findNearestMatch
INFO: Found CDP implementation for version 103 of 102
Starting ChromeDriver 103.0.5060.53 (a1711811edd74ff1cf2150f36ffa3b0dae40b17f-refs/branch-heads/5060@{#853}) on port 62990
Only local connections are allowed.
Please see https://chromedriver.chromium.org/security-considerations for suggestions on keeping ChromeDriver safe.
ChromeDriver was started successfully.
Jul 19, 2022 2:45:14 PM org.openqa.selenium.remote.ProtocolHandshake createSession
INFO: Detected upstream dialect: W3C
Jul 19, 2022 2:45:14 PM org.openqa.selenium.devtools.CdpVersionFinder findNearestMatch
WARNING: Unable to find an exact match for CDP version 103, so returning the closest version found: 102
Jul 19, 2022 2:45:14 PM org.openqa.selenium.devtools.CdpVersionFinder findNearestMatch
INFO: Found CDP implementation for version 103 of 102
]]></system-err>
  </testcase>
  <testcase name="feature[on homepage, I can search my booking with booking number](7)" classname="com.cucumberFramework.testRunner.TestRunner" time="5.925">
    <system-out><![CDATA[2022-07-19 14:07:936 INFO  WaitHelper :23 - waiting for element visibilityOf..
2022-07-19 14:07:976 INFO  WaitHelper :26 - element is visible..
2022-07-19 14:07:39 INFO  WaitHelper :23 - waiting for element visibilityOf..
2022-07-19 14:07:78 INFO  WaitHelper :26 - element is visible..
2022-07-19 14:07:547 INFO  WaitHelper :23 - waiting for element visibilityOf..
2022-07-19 14:07:576 INFO  WaitHelper :26 - element is visible..
2022-07-19 14:07:600 INFO  ServiceHooks :43 - Verify search function on homepage when entering valid booking number is pass
]]></system-out>
    <system-err><![CDATA[Starting ChromeDriver 103.0.5060.53 (a1711811edd74ff1cf2150f36ffa3b0dae40b17f-refs/branch-heads/5060@{#853}) on port 56597
Only local connections are allowed.
Please see https://chromedriver.chromium.org/security-considerations for suggestions on keeping ChromeDriver safe.
ChromeDriver was started successfully.
Jul 19, 2022 2:45:44 PM org.openqa.selenium.remote.ProtocolHandshake createSession
INFO: Detected upstream dialect: W3C
Jul 19, 2022 2:45:44 PM org.openqa.selenium.devtools.CdpVersionFinder findNearestMatch
WARNING: Unable to find an exact match for CDP version 103, so returning the closest version found: 102
Jul 19, 2022 2:45:44 PM org.openqa.selenium.devtools.CdpVersionFinder findNearestMatch
INFO: Found CDP implementation for version 103 of 102
]]></system-err>
  </testcase>
</testsuite>