<?xml version="1.0" encoding="UTF-8"?>
<!-- Generated by org.testng.reporters.JUnitXMLReporter -->
<testsuite hostname="DD-HUONGTHT1" ignored="0" name="BVT Test" tests="7" failures="0" timestamp="2022-07-19T13:54:03 ICT" time="154.709" errors="0">
  <testcase name="feature" time="13.649" classname="com.cucumberFramework.testRunner.TestRunner"/>
  <testcase name="feature" time="16.934" classname="com.cucumberFramework.testRunner.TestRunner"/>
  <testcase name="feature" time="10.649" classname="com.cucumberFramework.testRunner.TestRunner"/>
  <testcase name="feature" time="38.882" classname="com.cucumberFramework.testRunner.TestRunner"/>
  <testcase name="feature" time="10.564" classname="com.cucumberFramework.testRunner.TestRunner"/>
  <testcase name="feature" time="58.154" classname="com.cucumberFramework.testRunner.TestRunner"/>
  <testcase name="feature" time="5.179" classname="com.cucumberFramework.testRunner.TestRunner"/>
</testsuite> <!-- BVT Test -->
