<?xml version="1.0" encoding="UTF-8"?>
<!-- Generated by org.testng.reporters.JUnitXMLReporter -->
<testsuite hostname="DD-HUONGTHT1" ignored="0" name="BVT Test" tests="7" failures="0" timestamp="2022-07-19T14:45:49 ICT" time="155.995" errors="0">
  <testcase name="feature" time="13.294" classname="com.cucumberFramework.testRunner.TestRunner"/>
  <testcase name="feature" time="16.57" classname="com.cucumberFramework.testRunner.TestRunner"/>
  <testcase name="feature" time="10.81" classname="com.cucumberFramework.testRunner.TestRunner"/>
  <testcase name="feature" time="41.288" classname="com.cucumberFramework.testRunner.TestRunner"/>
  <testcase name="feature" time="9.962" classname="com.cucumberFramework.testRunner.TestRunner"/>
  <testcase name="feature" time="57.461" classname="com.cucumberFramework.testRunner.TestRunner"/>
  <testcase name="feature" time="5.932" classname="com.cucumberFramework.testRunner.TestRunner"/>
</testsuite> <!-- BVT Test -->
